1683663437338	geckodriver	INFO	Listening on 127.0.0.1:57677
1683663437467	mozrunner::runner	INFO	Running command: "/snap/firefox/current/firefox.launcher" "--marionette" "--remote-debugging-port" "44693" "--remote-allow-hosts" "localhost" "-no-remote" "-profile" "/tmp/rust_mozprofileojBkHv"
console.warn: services.settings: Ignoring preference override of remote settings server
console.warn: services.settings: Allow by setting MOZ_REMOTE_SETTINGS_DEVTOOLS=1 in the environment
ATTENTION: default value of option mesa_glthread overridden by environment.
ATTENTION: default value of option mesa_glthread overridden by environment.
ATTENTION: default value of option mesa_glthread overridden by environment.
ATTENTION: default value of option mesa_glthread overridden by environment.
1683663439087	Marionette	INFO	Marionette enabled
1683663439095	Marionette	INFO	Listening on port 33861
Read port: 33861
WebDriver BiDi listening on ws://127.0.0.1:44693
console.error: (new QuotaExceededError("IndexedDB: main/anti-tracking-url-decoration getLastModified() IndexedDB:   The current transaction exceeded its quota limitations.", "resource://services-settings/IDBHelpers.jsm", 18))
1683663439324	RemoteAgent	WARN	TLS certificate errors will be ignored for this session
JavaScript error: , line 0: QuotaExceededError: The current transaction exceeded its quota limitations.
console.error: ({})
console.error: (new QuotaExceededError("IndexedDB: main/hijack-blocklists getLastModified() IndexedDB:   The current transaction exceeded its quota limitations.", "resource://services-settings/IDBHelpers.jsm", 18))
console.error: (new QuotaExceededError("IndexedDB: main/addons-manager-settings getLastModified() IndexedDB:   The current transaction exceeded its quota limitations.", "resource://services-settings/IDBHelpers.jsm", 18))
console.error: (new QuotaExceededError("IndexedDB: main/search-telemetry-v2 getLastModified() IndexedDB:   The current transaction exceeded its quota limitations.", "resource://services-settings/IDBHelpers.jsm", 18))
console.warn: SearchSettings: "get: No settings file exists, new profile?" (new NotFoundError("Could not open the file at /tmp/rust_mozprofileojBkHv/search.json.mozlz4", (void 0)))
console.error: (new QuotaExceededError("IndexedDB: main/search-config getLastModified() IndexedDB:   The current transaction exceeded its quota limitations.", "resource://services-settings/IDBHelpers.jsm", 18))
console.error: "Problem getting stored prefs for feeds.section.topstories"
console.error: (new QuotaExceededError("IndexedDB: main/top-sites getLastModified() IndexedDB:   The current transaction exceeded its quota limitations.", "resource://services-settings/IDBHelpers.jsm", 18))
console.error: "Problem getting stored prefs for feeds.section.highlights"
console.error: (new Error("Error(s) encountered during statement execution: database or disk is full", "resource://gre/modules/Sqlite.sys.mjs", 968))
JavaScript error: resource://gre/modules/Sqlite.sys.mjs, line 968: Error: Error(s) encountered during statement execution: database or disk is full
JavaScript error: resource://gre/modules/Sqlite.sys.mjs, line 968: Error: Error(s) encountered during statement execution: database or disk is full
console.error: (new NotReadableError("Could not write chunk (size = 12432) to file /tmp/rust_mozprofileojBkHv/extensions.json.tmp. The file may be corrupt.", (void 0)))
console.error: (new TypeError("connection not specified or invalid.", "resource://gre/modules/Sqlite.sys.mjs", 1363))
JavaScript error: resource://gre/modules/PlacesUtils.sys.mjs, line 2080: NS_ERROR_UNEXPECTED: Component returned failure code: 0x8000ffff (NS_ERROR_UNEXPECTED) [nsINavBookmarksService.tagsFolder]
console.error: PushService: 
  stateChangeProcessEnqueue: Error transitioning state
  QuotaExceededError
console.error: (new QuotaExceededError("IndexedDB: blocklists/gfx getLastModified() IndexedDB:   The current transaction exceeded its quota limitations.", "resource://services-settings/IDBHelpers.jsm", 18))
[ERROR glean_core] Error setting metrics feature config: Json(Error("EOF while parsing a value", line: 1, column: 0))
console.error: (new TypeError("db is undefined", "resource://gre/modules/PlacesUtils.sys.mjs", 1480))
[ERROR glean_core::database] Failed to record metric 'client_id' into glean_client_info: Error { kind: Rkv(IoError(Os { code: 28, kind: StorageFull, message: "No space left on device" })) }
JavaScript error: , line 0: QuotaExceededError: The current transaction exceeded its quota limitations.
console.error: (new NotReadableError("Could not write chunk (size = 36800) to file /tmp/rust_mozprofileojBkHv/extensions.json.tmp. The file may be corrupt.", (void 0)))
DevTools listening on ws://127.0.0.1:44693/devtools/browser/c8c6fccf-c9f0-4c76-9e21-457d66b99a9f
1683663442089	CDP	WARN	Failed to create /tmp/rust_mozprofileojBkHv/DevToolsActivePort (Could not write chunk (size = 60) to file /tmp/rust_mozprofileojBkHv/DevToolsActivePort. The file may be corrupt.)
console.error: (new QuotaExceededError("IndexedDB: main/url-classifier-skip-urls getLastModified() IndexedDB:   The current transaction exceeded its quota limitations.", "resource://services-settings/IDBHelpers.jsm", 18))
console.error: SearchSettings: "_write: Could not write to settings file:" (new NotReadableError("Could not write chunk (size = 365) to file /tmp/rust_mozprofileojBkHv/search.json.mozlz4.tmp. The file may be corrupt.", (void 0)))
console.error: (new NotReadableError("Could not write chunk (size = 110607) to file /tmp/rust_mozprofileojBkHv/startupCache/webext.sc.lz4.tmp. The file may be corrupt.", (void 0)))
console.error: (new NotReadableError("Could not write chunk (size = 939) to file /tmp/rust_mozprofileojBkHv/containers.json.tmp. The file may be corrupt.", (void 0)))
console.error: Region.sys.mjs: "Error fetching region" (new Error("TIMEOUT", "resource://gre/modules/Region.sys.mjs", 762))
console.error: Region.sys.mjs: "Failed to fetch region" (new Error("TIMEOUT", "resource://gre/modules/Region.sys.mjs", 414))
console.error: "Could not write session state file " (new NotReadableError("Could not write chunk (size = 785) to file /tmp/rust_mozprofileojBkHv/sessionstore-backups/recovery.jsonlz4.tmp. The file may be corrupt.", (void 0))) ""
console.error: (new TypeError("connection not specified in clone options.", "resource://gre/modules/Sqlite.sys.mjs", 1272))
JavaScript error: resource://gre/modules/Sqlite.sys.mjs, line 968: Error: Error(s) encountered during statement execution: database or disk is full
JavaScript error: resource://gre/modules/Sqlite.sys.mjs, line 968: Error: Error(s) encountered during statement execution: database or disk is full
JavaScript error: https://www.basketball24.com/res/_fs/build/loader.e9676c2.js, line 1: QuotaExceededError: The quota has been exceeded.
JavaScript error: https://www.basketball24.com/, line 37: TypeError: cjs.Api.loader is undefined
JavaScript error: https://www.basketball24.com/, line 119: QuotaExceededError: The quota has been exceeded.
JavaScript error: https://www.basketball24.com/, line 141: QuotaExceededError: The quota has been exceeded.
JavaScript error: https://www.basketball24.com/, line 155: TypeError: cjs.Api.localLsid is undefined
JavaScript error: https://www.basketball24.com/, line 340: TypeError: cjs.Api.loader is undefined
JavaScript error: https://www.basketball24.com/, line 341: TypeError: cjs.Api.boxOverContentHandler is undefined
JavaScript error: https://www.basketball24.com/, line 545: TypeError: cjs.Api.loader is undefined
JavaScript error: https://www.basketball24.com/, line 612: TypeError: cjs.Api.loader is undefined
JavaScript error: https://www.basketball24.com/, line 619: TypeError: cjs.Api.loader is undefined
JavaScript error: https://www.basketball24.com/, line 751: TypeError: cjs.Api.loader is undefined
JavaScript error: https://www.basketball24.com/, line 882: TypeError: cjs.Api.loader is undefined
JavaScript error: https://www.basketball24.com/, line 909: TypeError: cjs.Api.loader is undefined
JavaScript error: https://www.basketball24.com/, line 950: TypeError: cjs.Api.loader is undefined
JavaScript error: https://www.basketball24.com/, line 1032: TypeError: cjs.Api.loader is undefined
JavaScript error: https://www.basketball24.com/x/js/core_110_2110000000.js, line 620: TypeError: cjs.Api.constantsManager is undefined
JavaScript error: https://www.basketball24.com/res/_fs/build/myTeamsMenu.c26e3b3.js, line 1: TypeError: cjs.Api.loader is undefined
JavaScript error: https://www.basketball24.com/res/_fs/build/serviceStatusBox.fcfd20a.js, line 1: TypeError: cjs.Api.loader is undefined
JavaScript error: https://www.basketball24.com/res/_fs/build/myLeaguesMenu.ac6bde9.js, line 1: TypeError: cjs.Api.loader is undefined
JavaScript error: https://www.basketball24.com/res/_fs/build/mainPageScripts.a351949.js, line 1: TypeError: cjs.Api.loader is undefined
JavaScript error: https://www.basketball24.com/res/_fs/build/leftMenuCategory.55827ee.js, line 1: TypeError: cjs.Api.loader is undefined
JavaScript error: https://www.basketball24.com/res/_fs/build/modules.71ebcdc.js, line 1: TypeError: cjs.Api.loader is undefined
JavaScript error: https://www.basketball24.com/res/_fs/build/liveTable.ddfb1a5.js, line 1: TypeError: cjs.Api.loader is undefined
console.error: (new TypeError("db is undefined", "resource://gre/modules/PlacesUtils.sys.mjs", 1480))
JavaScript error: resource://gre/modules/NewTabUtils.sys.mjs, line 1393: TypeError: conn is undefined
JavaScript error: , line 0: NotReadableError: Could not write chunk (size = 138) to file /tmp/rust_mozprofileojBkHv/xulstore.json.tmp. The file may be corrupt.
console.error: "Could not write session state file " (new NotReadableError("Could not write chunk (size = 1578) to file /tmp/rust_mozprofileojBkHv/sessionstore-backups/recovery.jsonlz4.tmp. The file may be corrupt.", (void 0))) ""
console.error: "Could not write session state file " (new NotReadableError("Could not write chunk (size = 2335) to file /tmp/rust_mozprofileojBkHv/sessionstore-backups/recovery.jsonlz4.tmp. The file may be corrupt.", (void 0))) ""
JavaScript error: , line 0: NotReadableError: Could not write chunk (size = 66) to file /tmp/rust_mozprofileojBkHv/crashes/store.json.mozlz4.tmp. The file may be corrupt.
JavaScript error: , line 0: NotReadableError: Could not write chunk (size = 51) to file /tmp/rust_mozprofileojBkHv/datareporting/state.json.tmp. The file may be corrupt.
console.error: "Could not write session state file " (new NotReadableError("Could not write chunk (size = 2358) to file /tmp/rust_mozprofileojBkHv/sessionstore-backups/recovery.jsonlz4.tmp. The file may be corrupt.", (void 0))) ""
JavaScript error: https://www.basketball24.com/x/js/core_110_2110000000.js, line 59: ReferenceError: clientStorage is not defined
1683663513108	Marionette	INFO	Stopped listening on port 33861
JavaScript error: resource://gre/modules/AsyncShutdown.sys.mjs, line 576: NotReadableError: Could not write chunk (size = 122) to file /tmp/rust_mozprofileojBkHv/sessionCheckpoints.json.tmp. The file may be corrupt.
WARNING: A blocker encountered an error while we were waiting.
          Blocker:  CrashMonitor: Writing notifications to file after receiving profile-before-change and awaiting all checkpoints written
          Phase: IOUtils: waiting for profileBeforeChange IO to complete
          State: {"profile-after-change":true,"final-ui-startup":true,"sessionstore-windows-restored":true,"quit-application-granted":true,"quit-application":true,"sessionstore-final-state-write-complete":true,"profile-change-net-teardown":true,"profile-change-teardown":true,"profile-before-change":true}
WARNING: NotReadableError: Could not write chunk (size = 288) to file /tmp/rust_mozprofileojBkHv/sessionCheckpoints.json.tmp. The file may be corrupt.
WARNING: observe@resource://gre/modules/AsyncShutdown.sys.mjs:576:16

console.error: ({message:"Delete by origin attributes failed"})
console.error: (new NotReadableError("Could not write chunk (size = 36800) to file /tmp/rust_mozprofileojBkHv/extensions.json.tmp. The file may be corrupt.", (void 0), 576))
JavaScript error: resource://gre/modules/AsyncShutdown.sys.mjs, line 576: NotReadableError: Could not write chunk (size = 214) to file /tmp/rust_mozprofileojBkHv/xulstore.json.tmp. The file may be corrupt.
JavaScript error: resource://gre/modules/AsyncShutdown.sys.mjs, line 576: NotReadableError: Could not write chunk (size = 288) to file /tmp/rust_mozprofileojBkHv/sessionCheckpoints.json.tmp. The file may be corrupt.
WARNING: A blocker encountered an error while we were waiting.
          Blocker:  Waiting for ping task
          Phase: TelemetryController: Waiting for pending ping activity
          State: (none)
WARNING: Error: Phase "profile-before-change" is finished, it is too late to register completion condition "OS.File: flush I/O queued before profileBeforeChange"
WARNING: addBlocker@resource://gre/modules/AsyncShutdown.sys.mjs:727:15
addBlocker@resource://gre/modules/AsyncShutdown.sys.mjs:523:26
addBlocker@resource://gre/modules/AsyncShutdown.sys.mjs:458:15
setupShutdown@resource://gre/modules/osfile/osfile_async_front.jsm:1548:28
@resource://gre/modules/osfile/osfile_async_front.jsm:1568:16
@resource://gre/modules/osfile.jsm:12:30
@resource://gre/modules/TelemetryStorage.sys.mjs:10:28
promiseArchivePing@resource://gre/modules/TelemetryArchive.sys.mjs:92:5
promiseArchivePing@resource://gre/modules/TelemetryArchive.sys.mjs:52:33
_submitPingLogic@resource://gre/modules/TelemetryControllerParent.sys.mjs:517:48
observe@resource://gre/modules/AsyncShutdown.sys.mjs:576:16

console.error: "TelemetryScheduler.shutdown - Already shut down"
WARNING: A blocker encountered an error while we were waiting.
          Blocker:  Waiting for ping task
          Phase: TelemetryController: Waiting for pending ping activity
          State: (none)
WARNING: Error: Phase "profile-before-change" is finished, it is too late to register completion condition "OS.File: flush I/O queued before profileBeforeChange"
WARNING: addBlocker@resource://gre/modules/AsyncShutdown.sys.mjs:727:15
addBlocker@resource://gre/modules/AsyncShutdown.sys.mjs:523:26
addBlocker@resource://gre/modules/AsyncShutdown.sys.mjs:458:15
setupShutdown@resource://gre/modules/osfile/osfile_async_front.jsm:1548:28
@resource://gre/modules/osfile/osfile_async_front.jsm:1568:16
@resource://gre/modules/osfile.jsm:12:30
@resource://gre/modules/TelemetryStorage.sys.mjs:10:28
promiseArchivePing@resource://gre/modules/TelemetryArchive.sys.mjs:92:5
promiseArchivePing@resource://gre/modules/TelemetryArchive.sys.mjs:52:33
_submitPingLogic@resource://gre/modules/TelemetryControllerParent.sys.mjs:517:48
observe@resource://gre/modules/AsyncShutdown.sys.mjs:576:16

WARNING: A blocker encountered an error while we were waiting.
          Blocker:  Waiting for ping task
          Phase: TelemetryController: Waiting for pending ping activity
          State: (none)
WARNING: Error: Phase "profile-before-change" is finished, it is too late to register completion condition "OS.File: flush I/O queued before profileBeforeChange"
WARNING: addBlocker@resource://gre/modules/AsyncShutdown.sys.mjs:727:15
addBlocker@resource://gre/modules/AsyncShutdown.sys.mjs:523:26
addBlocker@resource://gre/modules/AsyncShutdown.sys.mjs:458:15
setupShutdown@resource://gre/modules/osfile/osfile_async_front.jsm:1548:28
@resource://gre/modules/osfile/osfile_async_front.jsm:1568:16
@resource://gre/modules/osfile.jsm:12:30
@resource://gre/modules/TelemetryStorage.sys.mjs:10:28
promiseArchivePing@resource://gre/modules/TelemetryArchive.sys.mjs:92:5
promiseArchivePing@resource://gre/modules/TelemetryArchive.sys.mjs:52:33
_submitPingLogic@resource://gre/modules/TelemetryControllerParent.sys.mjs:517:48
observe@resource://gre/modules/AsyncShutdown.sys.mjs:576:16

WARNING: A blocker encountered an error while we were waiting.
          Blocker:  TelemetryController: shutting down
          Phase: profile-before-change-telemetry
          State: Error getting state: Error: Phase "profile-before-change" is finished, it is too late to register completion condition "OS.File: flush I/O queued before profileBeforeChange" at addBlocker@resource://gre/modules/AsyncShutdown.sys.mjs:727:15
addBlocker@resource://gre/modules/AsyncShutdown.sys.mjs:523:26
addBlocker@resource://gre/modules/AsyncShutdown.sys.mjs:458:15
setupShutdown@resource://gre/modules/osfile/osfile_async_front.jsm:1548:28
@resource://gre/modules/osfile/osfile_async_front.jsm:1568:16
@resource://gre/modules/osfile.jsm:12:30
@resource://gre/modules/TelemetryStorage.sys.mjs:10:28
promiseArchivePing@resource://gre/modules/TelemetryArchive.sys.mjs:92:5
promiseArchivePing@resource://gre/modules/TelemetryArchive.sys.mjs:52:33
_submitPingLogic@resource://gre/modules/TelemetryControllerParent.sys.mjs:517:48
observe@resource://gre/modules/AsyncShutdown.sys.mjs:576:16

WARNING: Error: Phase "profile-before-change" is finished, it is too late to register completion condition "OS.File: flush I/O queued before profileBeforeChange"
WARNING: addBlocker@resource://gre/modules/AsyncShutdown.sys.mjs:727:15
addBlocker@resource://gre/modules/AsyncShutdown.sys.mjs:523:26
addBlocker@resource://gre/modules/AsyncShutdown.sys.mjs:458:15
setupShutdown@resource://gre/modules/osfile/osfile_async_front.jsm:1548:28
@resource://gre/modules/osfile/osfile_async_front.jsm:1568:16
@resource://gre/modules/osfile.jsm:12:30
@resource://gre/modules/TelemetryStorage.sys.mjs:10:28
promiseArchivePing@resource://gre/modules/TelemetryArchive.sys.mjs:92:5
promiseArchivePing@resource://gre/modules/TelemetryArchive.sys.mjs:52:33
_submitPingLogic@resource://gre/modules/TelemetryControllerParent.sys.mjs:517:48
observe@resource://gre/modules/AsyncShutdown.sys.mjs:576:16

JavaScript error: resource://gre/modules/AsyncShutdown.sys.mjs, line 727: Error: Phase "profile-before-change" is finished, it is too late to register completion condition "OS.File: flush I/O queued before profileBeforeChange"
JavaScript error: resource://gre/modules/AsyncShutdown.sys.mjs, line 727: Error: Phase "profile-before-change" is finished, it is too late to register completion condition "OS.File: flush I/O queued before profileBeforeChange"
JavaScript error: resource://gre/modules/AsyncShutdown.sys.mjs, line 727: Error: Phase "profile-before-change" is finished, it is too late to register completion condition "OS.File: flush I/O queued before profileBeforeChange"
JavaScript error: resource://gre/modules/AsyncShutdown.sys.mjs, line 727: Error: Phase "profile-before-change" is finished, it is too late to register completion condition "OS.File: flush I/O queued before profileBeforeChange"
JavaScript error: resource://gre/modules/AsyncShutdown.sys.mjs, line 727: Error: Phase "profile-before-change" is finished, it is too late to register completion condition "OS.File: flush I/O queued before profileBeforeChange"
[ERROR glean_core] Can't persist ping lifetime data: Error { kind: Rkv(IoError(Os { code: 28, kind: StorageFull, message: "No space left on device" })) }
